** Generated by MMIF VERSION 3.4 2018-07-18
** Center Latitude  (decimal degrees):    -15.00000
** Center Longitude (decimal degrees):    -75.00000
** Datum: NWS-84  
** Study radius (km) for surface roughness:      4.00000
** The rest of the AERSURFACE inputs are not applicable
**
   FREQ_SECT  MONTHLY  1
   SECTOR   1    0  360
**           Month    Sect    Alb      Bo        Zo
   SITE_CHAR    1       1     0.15     7.52   0.01000
   SITE_CHAR    2       1     0.15     7.53   0.01000
   SITE_CHAR    3       1     0.13     7.29   0.01000
   SITE_CHAR    4       1     0.11     7.88   0.01000
   SITE_CHAR    5       1     0.11     7.87   0.01000
   SITE_CHAR    6       1     0.11     8.03   0.01000
   SITE_CHAR    7       1     0.11     7.64   0.01000
   SITE_CHAR    8       1     0.12     6.86   0.01000
   SITE_CHAR    9       1     0.12     6.97   0.01000
   SITE_CHAR   10       1     0.13     6.93   0.01000
   SITE_CHAR   11       1     0.14     6.83   0.01000
   SITE_CHAR   12       1     0.14     6.11   0.01000
