****************************************
** AERMOD PARAMETROS DE ENTRADA
** Fecha: 30/04/2020
** Projecto: Ejemplo de ejecución
** Ejecutado por: NOVVIER USCUCHAGUA
****************************************
**
**
****************************************
** PARÁMETROS DE CONTROL
****************************************
**
CO STARTING
CO TITLEONE DISPERSIÓN - CO
CO TITLETWO EJECUTADO POR N. USCUCHAGUA
CO MODELOPT CONC  FLAT
CO AVERTIME 1 8
CO POLLUTID CO
CO FLAGPOLE 1.5
CO RUNORNOT RUN
CO ERRORFIL CO_ERRORS_PLOT.OUT
CO FINISHED
**
**
****************************************
** PARÁMETROS DE LAS FUENTES
****************************************
**
SO STARTING
** -----------------------------------------------------------------------------
** LOCALIZACIÓN
** -----------------------------------------------------------------------------
SO ELEVUNIT METERS
SO LOCATION STACK1      POINT     500000   8341674        500
** -----------------------------------------------------------------------------
** EMISIÓN:
** -----------------------------------------------------------------------------
** TIPO PUNTO
** -----------------------------------------------------------------------------
**          SRCID   QS   HS     TS     VS    DS
SO SRCPARAM STACK1  1    65.0   425.0  15.0  5.0
** -----------------------------------------------------------------------------
** VARIACIÓN TEMPORAL DE LAS EMISIONES
** HOUR-OF-DAY              0-8        8-12        12-17       17-0
SO EMISFACT STACK1  HROFDY  8*0.00E-00 4*5.00E+02  5*4.50E+2   7*0.00E-00
** -----------------------------------------------------------------------------
** PARÁMETROS DE ARRASTRE POR EDIFICIOS
** NO APLICA
** -----------------------------------------------------------------------------
SO SRCGROUP ALL
SO FINISHED
**
**
*********************************
** Parámetros de receptores
*********************************
**
RE STARTING
RE DISCCART 499990  8341510
RE DISCCART 500020  8341827
RE FINISHED
**
**
*********************************
** Parámetros de meteorológicos
*********************************
**
ME STARTING
ME SURFFILE SURFACE.SFC
ME PROFFILE PROFILE.PFL
ME SURFDATA 0 2016
ME UAIRDATA 99999 2016
ME SITEDATA 99999 2016
ME PROFBASE 500 METERS
ME STARTEND 2016 01 01    2016 01 31
ME FINISHED
**
**
*********************************
** Parámetros de salida
*********************************
**
OU STARTING
OU RECTABLE ALLAVE FIRST SECOND THIRD
OU POSTFILE 1 ALL PLOT CO_01HR.DAT
OU POSTFILE 8 ALL PLOT CO_08HR.DAT
OU SUMMFILE CO_AERTEST_TSER.OUT
OU FINISHED


  *** Message Summary For AERMOD Model Setup ***

  --------- Summary of Total Messages --------
  
 A Total of            0 Fatal Error Message(s)
 A Total of            3 Warning Message(s)
 A Total of            0 Informational Message(s)
  
  
    ******** FATAL ERROR MESSAGES ******** 
               ***  NONE  ***         
  
  
    ********   WARNING MESSAGES   ******** 
 ME W187      76       MEOPEN: ADJ_U* Option for Stable Low Winds used in AERMET              
 ME W182      76       MEOPEN: MMIF-generated meteorological inputs were used                 
 ME W181      76       MEOPEN: BULKRN Delta-T & SolarRad option for SBL was used     with MMIF

 ***********************************
 *** SETUP Finishes Successfully ***
 ***********************************

 *** AERMOD - VERSION  19191 ***   *** DISPERSIÓN - CO                                                     ***        04/30/20
 *** AERMET - VERSION  19191 ***   *** EJECUTADO POR N. USCUCHAGUA                                          ***        22:39:42
                                                                                                                       PAGE   1
 *** MODELOPTs:    NonDFAULT  CONC  FLAT  FLGPOL  RURAL  ADJ_U*  MMIF_Data

                                            ***     MODEL SETUP OPTIONS SUMMARY       ***
 - - - - - - - - - - - - - - - - - - - - - - - - - - - - - - - - - - - - - - - - - - - - - - - - - - - - - - - - - - - - - - -

 **Model Is Setup For Calculation of Average CONCentration Values.
  
   --  DEPOSITION LOGIC  --
 **NO GAS DEPOSITION Data Provided.
 **NO PARTICLE DEPOSITION Data Provided.
 **Model Uses NO DRY DEPLETION.  DRYDPLT  =  F
 **Model Uses NO WET DEPLETION.  WETDPLT  =  F
  
 **Model Uses RURAL Dispersion Only.
  
 **Model Allows User-Specified Options:
         1. Stack-tip Downwash.
         2. Model Assumes Receptors on FLAT Terrain.
         3. Use Calms Processing Routine.
         4. Use Missing Data Processing Routine.
         5. No Exponential Decay.
  
 **Other Options Specified:
         ADJ_U*   - Use ADJ_U* option for SBL in AERMET
         MMIFData - Use BETA option for MMIF met data inputs
                    MMIF VERSION 3.4 2018-07-18
         BULKRN   - Use BULKRN Delta-T and SolarRad option for SBL with MMIF
         TEMP_Sub - Meteorological data includes TEMP substitutions
  
 **Model Accepts FLAGPOLE Receptor Heights.
  
 **The User Specified a Pollutant Type of:  CO      
  
 **Model Calculates  2 Short Term Average(s) of:   1-HR   8-HR
  
 **This Run Includes:      1 Source(s);       1 Source Group(s); and       2 Receptor(s)

                with:      1 POINT(s), including
                           0 POINTCAP(s) and      0 POINTHOR(s)
                 and:      0 VOLUME source(s)
                 and:      0 AREA type source(s)
                 and:      0 LINE source(s)
                 and:      0 RLINE/RLINEXT source(s)
                 and:      0 OPENPIT source(s)
                 and:      0 BUOYANT LINE source(s) with      0 line(s)

  
 **Model Set To Continue RUNning After the Setup Testing.

 **The AERMET Input Meteorological Data Version Date:  19191
  
 **Output Options Selected:
          Model Outputs Tables of Highest Short Term Values by Receptor (RECTABLE Keyword)
          Model Outputs External File(s) of Concurrent Values for Postprocessing (POSTFILE Keyword)
          Model Outputs Separate Summary File of High Ranked Values (SUMMFILE Keyword)
  
 **NOTE:  The Following Flags May Appear Following CONC Values:  c for Calm Hours
                                                                 m for Missing Hours
                                                                 b for Both Calm and Missing Hours
  
 **Misc. Inputs:  Base Elev. for Pot. Temp. Profile (m MSL) =   500.00 ;  Decay Coef. =    0.000     ;  Rot. Angle =     0.0
                  Emission Units = GRAMS/SEC                                ;  Emission Rate Unit Factor =   0.10000E+07
                  Output Units   = MICROGRAMS/M**3                         
  
 **Approximate Storage Requirements of Model =      3.5 MB of RAM.
  
 **Input Runstream File:          TSERIES.INP                                                                                     
 **Output Print File:             TSERIES.out                                                                                     

 **Detailed Error/Message File:   CO_ERRORS_PLOT.OUT                                                                              
 **File for Summary of Results:   CO_AERTEST_TSER.OUT                                                                             
 *** AERMOD - VERSION  19191 ***   *** DISPERSIÓN - CO                                                     ***        04/30/20
 *** AERMET - VERSION  19191 ***   *** EJECUTADO POR N. USCUCHAGUA                                          ***        22:39:42
                                                                                                                       PAGE   2
 *** MODELOPTs:    NonDFAULT  CONC  FLAT  FLGPOL  RURAL  ADJ_U*  MMIF_Data


                                                  *** POINT SOURCE DATA ***

               NUMBER EMISSION RATE                    BASE     STACK   STACK    STACK     STACK    BLDG   URBAN  CAP/  EMIS RATE
   SOURCE       PART.  (GRAMS/SEC)     X        Y      ELEV.    HEIGHT  TEMP.   EXIT VEL. DIAMETER  EXISTS SOURCE HOR   SCALAR
     ID         CATS.               (METERS) (METERS) (METERS) (METERS) (DEG.K)  (M/SEC)  (METERS)                      VARY BY
 - - - - - - - - - - - - - - - - - - - - - - - - - - - - - - - - - - - - - - - - - - - - - - - - - - - - - - - - - - - - - - - - -

 STACK1           0   0.10000E+01  500000.0 8341674.0   500.0    65.00   425.00    15.00     5.00    NO      NO    NO  HROFDY 
 *** AERMOD - VERSION  19191 ***   *** DISPERSIÓN - CO                                                     ***        04/30/20
 *** AERMET - VERSION  19191 ***   *** EJECUTADO POR N. USCUCHAGUA                                          ***        22:39:42
                                                                                                                       PAGE   3
 *** MODELOPTs:    NonDFAULT  CONC  FLAT  FLGPOL  RURAL  ADJ_U*  MMIF_Data


                                           *** SOURCE IDs DEFINING SOURCE GROUPS ***

 SRCGROUP ID                                              SOURCE IDs
 -----------                                              ----------


  ALL        STACK1      ,
 *** AERMOD - VERSION  19191 ***   *** DISPERSIÓN - CO                                                     ***        04/30/20
 *** AERMET - VERSION  19191 ***   *** EJECUTADO POR N. USCUCHAGUA                                          ***        22:39:42
                                                                                                                       PAGE   4
 *** MODELOPTs:    NonDFAULT  CONC  FLAT  FLGPOL  RURAL  ADJ_U*  MMIF_Data

                            * SOURCE EMISSION RATE SCALARS WHICH VARY FOR EACH HOUR OF THE DAY *

     HOUR    SCALAR      HOUR    SCALAR      HOUR    SCALAR      HOUR    SCALAR      HOUR    SCALAR      HOUR    SCALAR
 - - - - - - - - - - - - - - - - - - - - - - - - - - - - - - - - - - - - - - - - - - - - - - - - - - - - - - - - - - - - - - - - - 


 SOURCE ID = STACK1       ; SOURCE TYPE = POINT    :
       1   .00000E+00      2   .00000E+00      3   .00000E+00      4   .00000E+00      5   .00000E+00      6   .00000E+00
       7   .00000E+00      8   .00000E+00      9   .50000E+03     10   .50000E+03     11   .50000E+03     12   .50000E+03
      13   .45000E+03     14   .45000E+03     15   .45000E+03     16   .45000E+03     17   .45000E+03     18   .00000E+00
      19   .00000E+00     20   .00000E+00     21   .00000E+00     22   .00000E+00     23   .00000E+00     24   .00000E+00

 *** AERMOD - VERSION  19191 ***   *** DISPERSIÓN - CO                                                     ***        04/30/20
 *** AERMET - VERSION  19191 ***   *** EJECUTADO POR N. USCUCHAGUA                                          ***        22:39:42
                                                                                                                       PAGE   5
 *** MODELOPTs:    NonDFAULT  CONC  FLAT  FLGPOL  RURAL  ADJ_U*  MMIF_Data

                                             *** DISCRETE CARTESIAN RECEPTORS ***
                                           (X-COORD, Y-COORD, ZELEV, ZHILL, ZFLAG)
                                                           (METERS)

     ( 499990.0, 8341510.0,     500.0,     500.0,       1.5);         ( 500020.0, 8341827.0,     500.0,     500.0,       1.5);      
 *** AERMOD - VERSION  19191 ***   *** DISPERSIÓN - CO                                                     ***        04/30/20
 *** AERMET - VERSION  19191 ***   *** EJECUTADO POR N. USCUCHAGUA                                          ***        22:39:42
                                                                                                                       PAGE   6
 *** MODELOPTs:    NonDFAULT  CONC  FLAT  FLGPOL  RURAL  ADJ_U*  MMIF_Data

                                            *** METEOROLOGICAL DAYS SELECTED FOR PROCESSING ***
                                                               (1=YES; 0=NO)

            1 1 1 1 1 1 1 1 1 1   1 1 1 1 1 1 1 1 1 1   1 1 1 1 1 1 1 1 1 1   1 1 1 1 1 1 1 1 1 1   1 1 1 1 1 1 1 1 1 1
            1 1 1 1 1 1 1 1 1 1   1 1 1 1 1 1 1 1 1 1   1 1 1 1 1 1 1 1 1 1   1 1 1 1 1 1 1 1 1 1   1 1 1 1 1 1 1 1 1 1
            1 1 1 1 1 1 1 1 1 1   1 1 1 1 1 1 1 1 1 1   1 1 1 1 1 1 1 1 1 1   1 1 1 1 1 1 1 1 1 1   1 1 1 1 1 1 1 1 1 1
            1 1 1 1 1 1 1 1 1 1   1 1 1 1 1 1 1 1 1 1   1 1 1 1 1 1 1 1 1 1   1 1 1 1 1 1 1 1 1 1   1 1 1 1 1 1 1 1 1 1
            1 1 1 1 1 1 1 1 1 1   1 1 1 1 1 1 1 1 1 1   1 1 1 1 1 1 1 1 1 1   1 1 1 1 1 1 1 1 1 1   1 1 1 1 1 1 1 1 1 1
            1 1 1 1 1 1 1 1 1 1   1 1 1 1 1 1 1 1 1 1   1 1 1 1 1 1 1 1 1 1   1 1 1 1 1 1 1 1 1 1   1 1 1 1 1 1 1 1 1 1
            1 1 1 1 1 1 1 1 1 1   1 1 1 1 1 1 1 1 1 1   1 1 1 1 1 1 1 1 1 1   1 1 1 1 1 1 1 1 1 1   1 1 1 1 1 1 1 1 1 1
            1 1 1 1 1 1 1 1 1 1   1 1 1 1 1 1

                       METEOROLOGICAL DATA PROCESSED BETWEEN START DATE: 2016   1  1  1
                                                           AND END DATE: 2016   1 31 24

                NOTE:  METEOROLOGICAL DATA ACTUALLY PROCESSED WILL ALSO DEPEND ON WHAT IS INCLUDED IN THE DATA FILE.



                                  *** UPPER BOUND OF FIRST THROUGH FIFTH WIND SPEED CATEGORIES ***
                                                            (METERS/SEC)

                                                 1.54,   3.09,   5.14,   8.23,  10.80,
 *** AERMOD - VERSION  19191 ***   *** DISPERSIÓN - CO                                                     ***        04/30/20
 *** AERMET - VERSION  19191 ***   *** EJECUTADO POR N. USCUCHAGUA                                          ***        22:39:42
                                                                                                                       PAGE   7
 *** MODELOPTs:    NonDFAULT  CONC  FLAT  FLGPOL  RURAL  ADJ_U*  MMIF_Data

                                    *** UP TO THE FIRST 24 HOURS OF METEOROLOGICAL DATA ***

   Surface file:   SURFACE.SFC                                                                        Met Version:  19191
   Profile file:   PROFILE.PFL                                                                     
   Surface format: FREE                                                                                                     
   Profile format: FREE                                                                                                     
   Surface station no.:        0                  Upper air station no.:    99999
                  Name: UNKNOWN                                    Name: UNKNOWN                                 
                  Year:   2016                                     Year:   2016

 First 24 hours of scalar data
 YR MO DY JDY HR     H0     U*     W*  DT/DZ ZICNV ZIMCH  M-O LEN    Z0  BOWEN ALBEDO  REF WS   WD     HT  REF TA     HT
- - - - - - - - - - - - - - - - - - - - - - - - - - - - - - - - - - - - - - - - - - - - - - - - - - - - - - - - - - - - - 
 16 01 01   1 01    0.0  0.242 -9.000 -9.000 -999.  335.   8888.0  0.01   7.52   1.00    4.18  176.   10.0  294.1    2.0
 16 01 01   1 02    0.0  0.264 -9.000 -9.000 -999.  314.   8888.0  0.01   7.52   1.00    4.56  171.   10.0  294.0    2.0
 16 01 01   1 03    0.0  0.264 -9.000 -9.000 -999.  303.   8888.0  0.01   7.52   1.00    4.55  172.   10.0  294.0    2.0
 16 01 01   1 04    0.0  0.246 -9.000 -9.000 -999.  295.   8888.0  0.01   7.52   1.00    4.24  174.   10.0  294.0    2.0
 16 01 01   1 05    0.0  0.221 -9.000 -9.000 -999.  289.   8888.0  0.01   7.52   1.00    3.82  173.   10.0  294.0    2.0
 16 01 01   1 06    0.0  0.205 -9.000 -9.000 -999.  268.   8888.0  0.01   7.52   1.00    3.54  178.   10.0  293.9    2.0
 16 01 01   1 07   14.0  0.221  0.486  0.008  292.  249.    -68.4  0.01   7.52   0.33    3.60  187.   10.0  294.1    2.0
 16 01 01   1 08   73.3  0.259  0.883  0.010  336.  317.    -21.2  0.01   7.52   0.20    3.98  178.   10.0  294.4    2.0
 16 01 01   1 09  195.3  0.293  1.327  0.013  428.  381.    -11.5  0.01   7.52   0.16    4.30  180.   10.0  295.0    2.0
 16 01 01   1 10  464.2  0.369  1.825  0.015  469.  538.     -9.7  0.01   7.52   0.15    5.33  183.   10.0  295.1    2.0
 16 01 01   1 11  517.0  0.376  1.816  0.015  414.  553.     -9.2  0.01   7.52   0.15    5.40  189.   10.0  295.0    2.0
 16 01 01   1 12  540.7  0.372  1.750  0.015  355.  544.     -8.5  0.01   7.52   0.15    5.30  193.   10.0  294.8    2.0
 16 01 01   1 13  572.1  0.364  1.773  0.015  348.  528.     -7.5  0.01   7.52   0.15    5.14  195.   10.0  294.7    2.0
 16 01 01   1 14  541.8  0.374  1.786  0.015  376.  550.     -8.6  0.01   7.52   0.15    5.35  188.   10.0  294.8    2.0
 16 01 01   1 15  433.0  0.379  1.692  0.015  400.  560.    -11.2  0.01   7.52   0.15    5.54  180.   10.0  295.0    2.0
 16 01 01   1 16  319.8  0.368  1.508  0.015  383.  537.    -14.0  0.01   7.52   0.16    5.49  177.   10.0  295.0    2.0
 16 01 01   1 17  192.8  0.333  1.274  0.014  383.  460.    -17.0  0.01   7.52   0.19    5.03  168.   10.0  295.0    2.0
 16 01 01   1 18   41.8  0.315  0.752  0.013  363.  425.    -67.1  0.01   7.52   0.31    5.15  160.   10.0  294.7    2.0
 16 01 01   1 19    0.0  0.125 -9.000 -9.000 -999.  323.   8888.0  0.01   7.52   1.00    2.15  163.   10.0  294.7    2.0
 16 01 01   1 20    0.0  0.224 -9.000 -9.000 -999.  329.   8888.0  0.01   7.52   1.00    3.88  148.   10.0  294.6    2.0
 16 01 01   1 21    0.0  0.187 -9.000 -9.000 -999.  262.   8888.0  0.01   7.52   1.00    3.24  149.   10.0  294.4    2.0
 16 01 01   1 22    0.0  0.117 -9.000 -9.000 -999.  221.   8888.0  0.01   7.52   1.00    2.03  153.   10.0  294.2    2.0
 16 01 01   1 23    0.0  0.144 -9.000 -9.000 -999.  211.   8888.0  0.01   7.52   1.00    2.48  148.   10.0  294.1    2.0
 16 01 01   1 24    0.0  0.111 -9.000 -9.000 -999.  190.   8888.0  0.01   7.52   1.00    1.91  124.   10.0  294.0    2.0
 *** AERMOD - VERSION  19191 ***   *** DISPERSIÓN - CO                                                     ***        04/30/20
 *** AERMET - VERSION  19191 ***   *** EJECUTADO POR N. USCUCHAGUA                                          ***        22:39:42
                                                                                                                       PAGE   8
 *** MODELOPTs:    NonDFAULT  CONC  FLAT  FLGPOL  RURAL  ADJ_U*  MMIF_Data


 First hour of profile data
 YR MO DY HR HEIGHT F  WDIR    WSPD AMB_TMP sigmaA  sigmaW  sigmaV
 16 01 01 01    2.0 0 -999.  -99.00   294.1   99.0  -99.00  -99.00
 16 01 01 01   10.0 0  176.    4.18  -999.0   99.0  -99.00  -99.00
 16 01 01 01   18.8 0  176.    4.41   293.7   99.0  -99.00  -99.00
 16 01 01 01   50.0 0  176.    4.75   293.3   99.0  -99.00  -99.00
 16 01 01 01   75.0 0  176.    4.85   293.1   99.0  -99.00  -99.00
 16 01 01 01  100.0 0  175.    4.91   292.9   99.0  -99.00  -99.00
 16 01 01 01  125.0 0  174.    4.98   292.6   99.0  -99.00  -99.00
 16 01 01 01  150.0 0  173.    4.99   292.4   99.0  -99.00  -99.00
 16 01 01 01  175.0 0  172.    4.99   292.3   99.0  -99.00  -99.00
 16 01 01 01  206.2 0  169.    4.93   291.9   99.0  -99.00  -99.00
 16 01 01 01  250.0 0  164.    4.81   291.6   99.0  -99.00  -99.00
 16 01 01 01  300.0 0  156.    4.68   291.3   99.0  -99.00  -99.00
 16 01 01 01  350.0 0  148.    4.57   291.1   99.0  -99.00  -99.00
 16 01 01 01  400.0 0  140.    4.49   291.0   99.0  -99.00  -99.00
 16 01 01 01  450.0 0  133.    4.47   290.9   99.0  -99.00  -99.00
 16 01 01 01  512.5 0  119.    4.48   290.7   99.0  -99.00  -99.00
 16 01 01 01  600.0 0  115.    4.49   290.3   99.0  -99.00  -99.00
 16 01 01 01  700.0 0  112.    4.52   289.8   99.0  -99.00  -99.00
 16 01 01 01  800.0 0   93.    4.10   290.8   99.0  -99.00  -99.00
 16 01 01 01  900.0 0   90.    2.64   292.7   99.0  -99.00  -99.00
 16 01 01 01 1100.0 0   87.    0.29   293.6   99.0  -99.00  -99.00
 16 01 01 01 1500.0 0  313.    2.92   293.4   99.0  -99.00  -99.00
 16 01 01 01 2000.0 0  339.    3.49   292.2   99.0  -99.00  -99.00
 16 01 01 01 2500.0 0  334.    3.26   290.4   99.0  -99.00  -99.00
 16 01 01 01 3000.0 0  323.    1.98   287.8   99.0  -99.00  -99.00
 16 01 01 01 3500.0 0  257.    0.56   284.5   99.0  -99.00  -99.00
 16 01 01 01 4000.0 0  211.    1.58   280.8   99.0  -99.00  -99.00
 16 01 01 01 4500.0 0  217.    3.13   277.4   99.0  -99.00  -99.00
 16 01 01 01 5000.0 1  216.    2.74   272.8   99.0  -99.00  -99.00

 F indicates top of profile (=1) or below (=0)
 *** AERMOD - VERSION  19191 ***   *** DISPERSIÓN - CO                                                     ***        04/30/20
 *** AERMET - VERSION  19191 ***   *** EJECUTADO POR N. USCUCHAGUA                                          ***        22:39:42
                                                                                                                       PAGE   9
 *** MODELOPTs:    NonDFAULT  CONC  FLAT  FLGPOL  RURAL  ADJ_U*  MMIF_Data

                              *** THE   1ST HIGHEST  1-HR AVERAGE CONCENTRATION   VALUES FOR SOURCE GROUP:  ALL      ***
                                  INCLUDING SOURCE(S):     STACK1      , 

                                             *** DISCRETE CARTESIAN RECEPTOR POINTS ***

                                        ** CONC OF CO       IN MICROGRAMS/M**3                          **

      X-COORD (M)  Y-COORD (M)        CONC     (YYMMDDHH)              X-COORD (M)  Y-COORD (M)        CONC     (YYMMDDHH)
 - - - - - - - - - - - - - - - - - - - - - - - - - - - - - - - - - - - - - - - - - - - - - - - - - - - - - - - - - - - - - - - - - -
        499990.00   8341510.00        1.89914  (16012010)                500020.00   8341827.00       42.46917  (16011710)          
 *** AERMOD - VERSION  19191 ***   *** DISPERSIÓN - CO                                                     ***        04/30/20
 *** AERMET - VERSION  19191 ***   *** EJECUTADO POR N. USCUCHAGUA                                          ***        22:39:42
                                                                                                                       PAGE  10
 *** MODELOPTs:    NonDFAULT  CONC  FLAT  FLGPOL  RURAL  ADJ_U*  MMIF_Data

                              *** THE   2ND HIGHEST  1-HR AVERAGE CONCENTRATION   VALUES FOR SOURCE GROUP:  ALL      ***
                                  INCLUDING SOURCE(S):     STACK1      , 

                                             *** DISCRETE CARTESIAN RECEPTOR POINTS ***

                                        ** CONC OF CO       IN MICROGRAMS/M**3                          **

      X-COORD (M)  Y-COORD (M)        CONC     (YYMMDDHH)              X-COORD (M)  Y-COORD (M)        CONC     (YYMMDDHH)
 - - - - - - - - - - - - - - - - - - - - - - - - - - - - - - - - - - - - - - - - - - - - - - - - - - - - - - - - - - - - - - - - - -
        499990.00   8341510.00        1.77714  (16012909)                500020.00   8341827.00       32.92643  (16010310)          
 *** AERMOD - VERSION  19191 ***   *** DISPERSIÓN - CO                                                     ***        04/30/20
 *** AERMET - VERSION  19191 ***   *** EJECUTADO POR N. USCUCHAGUA                                          ***        22:39:42
                                                                                                                       PAGE  11
 *** MODELOPTs:    NonDFAULT  CONC  FLAT  FLGPOL  RURAL  ADJ_U*  MMIF_Data

                              *** THE   3RD HIGHEST  1-HR AVERAGE CONCENTRATION   VALUES FOR SOURCE GROUP:  ALL      ***
                                  INCLUDING SOURCE(S):     STACK1      , 

                                             *** DISCRETE CARTESIAN RECEPTOR POINTS ***

                                        ** CONC OF CO       IN MICROGRAMS/M**3                          **

      X-COORD (M)  Y-COORD (M)        CONC     (YYMMDDHH)              X-COORD (M)  Y-COORD (M)        CONC     (YYMMDDHH)
 - - - - - - - - - - - - - - - - - - - - - - - - - - - - - - - - - - - - - - - - - - - - - - - - - - - - - - - - - - - - - - - - - -
        499990.00   8341510.00        1.75505  (16011109)                500020.00   8341827.00       31.16253  (16012512)          
 *** AERMOD - VERSION  19191 ***   *** DISPERSIÓN - CO                                                     ***        04/30/20
 *** AERMET - VERSION  19191 ***   *** EJECUTADO POR N. USCUCHAGUA                                          ***        22:39:42
                                                                                                                       PAGE  12
 *** MODELOPTs:    NonDFAULT  CONC  FLAT  FLGPOL  RURAL  ADJ_U*  MMIF_Data

                              *** THE   1ST HIGHEST  8-HR AVERAGE CONCENTRATION   VALUES FOR SOURCE GROUP:  ALL      ***
                                  INCLUDING SOURCE(S):     STACK1      , 

                                             *** DISCRETE CARTESIAN RECEPTOR POINTS ***

                                        ** CONC OF CO       IN MICROGRAMS/M**3                          **

      X-COORD (M)  Y-COORD (M)        CONC     (YYMMDDHH)              X-COORD (M)  Y-COORD (M)        CONC     (YYMMDDHH)
 - - - - - - - - - - - - - - - - - - - - - - - - - - - - - - - - - - - - - - - - - - - - - - - - - - - - - - - - - - - - - - - - - -
        499990.00   8341510.00        0.79131  (16012016)                500020.00   8341827.00       17.89302  (16012516)          
 *** AERMOD - VERSION  19191 ***   *** DISPERSIÓN - CO                                                     ***        04/30/20
 *** AERMET - VERSION  19191 ***   *** EJECUTADO POR N. USCUCHAGUA                                          ***        22:39:42
                                                                                                                       PAGE  13
 *** MODELOPTs:    NonDFAULT  CONC  FLAT  FLGPOL  RURAL  ADJ_U*  MMIF_Data

                              *** THE   2ND HIGHEST  8-HR AVERAGE CONCENTRATION   VALUES FOR SOURCE GROUP:  ALL      ***
                                  INCLUDING SOURCE(S):     STACK1      , 

                                             *** DISCRETE CARTESIAN RECEPTOR POINTS ***

                                        ** CONC OF CO       IN MICROGRAMS/M**3                          **

      X-COORD (M)  Y-COORD (M)        CONC     (YYMMDDHH)              X-COORD (M)  Y-COORD (M)        CONC     (YYMMDDHH)
 - - - - - - - - - - - - - - - - - - - - - - - - - - - - - - - - - - - - - - - - - - - - - - - - - - - - - - - - - - - - - - - - - -
        499990.00   8341510.00        0.58604  (16012616)                500020.00   8341827.00       17.61048  (16012716)          
 *** AERMOD - VERSION  19191 ***   *** DISPERSIÓN - CO                                                     ***        04/30/20
 *** AERMET - VERSION  19191 ***   *** EJECUTADO POR N. USCUCHAGUA                                          ***        22:39:42
                                                                                                                       PAGE  14
 *** MODELOPTs:    NonDFAULT  CONC  FLAT  FLGPOL  RURAL  ADJ_U*  MMIF_Data

                              *** THE   3RD HIGHEST  8-HR AVERAGE CONCENTRATION   VALUES FOR SOURCE GROUP:  ALL      ***
                                  INCLUDING SOURCE(S):     STACK1      , 

                                             *** DISCRETE CARTESIAN RECEPTOR POINTS ***

                                        ** CONC OF CO       IN MICROGRAMS/M**3                          **

      X-COORD (M)  Y-COORD (M)        CONC     (YYMMDDHH)              X-COORD (M)  Y-COORD (M)        CONC     (YYMMDDHH)
 - - - - - - - - - - - - - - - - - - - - - - - - - - - - - - - - - - - - - - - - - - - - - - - - - - - - - - - - - - - - - - - - - -
        499990.00   8341510.00        0.56310  (16011116)                500020.00   8341827.00       15.98213  (16012816)          
 *** AERMOD - VERSION  19191 ***   *** DISPERSIÓN - CO                                                     ***        04/30/20
 *** AERMET - VERSION  19191 ***   *** EJECUTADO POR N. USCUCHAGUA                                          ***        22:39:42
                                                                                                                       PAGE  15
 *** MODELOPTs:    NonDFAULT  CONC  FLAT  FLGPOL  RURAL  ADJ_U*  MMIF_Data

                                                *** THE SUMMARY OF HIGHEST  1-HR RESULTS ***


                                    ** CONC OF CO       IN MICROGRAMS/M**3                          **

                                                      DATE                                                                    NETWORK
GROUP ID                          AVERAGE CONC     (YYMMDDHH)             RECEPTOR  (XR, YR, ZELEV, ZHILL, ZFLAG)    OF TYPE  GRID-ID
- - - - - - - - - - - - - - - - - - - - - - - - - - - - - - - - - - - - - - - - - - - - - - - - - - - - - - - - - - - - - - - - - - 
  
ALL      HIGH   1ST HIGH VALUE IS      42.46917  ON 16011710: AT (  500020.00,  8341827.00,   500.00,   500.00,    1.50)  DC          
         HIGH   2ND HIGH VALUE IS      32.92643  ON 16010310: AT (  500020.00,  8341827.00,   500.00,   500.00,    1.50)  DC          
         HIGH   3RD HIGH VALUE IS      31.16253  ON 16012512: AT (  500020.00,  8341827.00,   500.00,   500.00,    1.50)  DC          


 *** RECEPTOR TYPES:  GC = GRIDCART
                      GP = GRIDPOLR
                      DC = DISCCART
                      DP = DISCPOLR
 *** AERMOD - VERSION  19191 ***   *** DISPERSIÓN - CO                                                     ***        04/30/20
 *** AERMET - VERSION  19191 ***   *** EJECUTADO POR N. USCUCHAGUA                                          ***        22:39:42
                                                                                                                       PAGE  16
 *** MODELOPTs:    NonDFAULT  CONC  FLAT  FLGPOL  RURAL  ADJ_U*  MMIF_Data

                                                *** THE SUMMARY OF HIGHEST  8-HR RESULTS ***


                                    ** CONC OF CO       IN MICROGRAMS/M**3                          **

                                                      DATE                                                                    NETWORK
GROUP ID                          AVERAGE CONC     (YYMMDDHH)             RECEPTOR  (XR, YR, ZELEV, ZHILL, ZFLAG)    OF TYPE  GRID-ID
- - - - - - - - - - - - - - - - - - - - - - - - - - - - - - - - - - - - - - - - - - - - - - - - - - - - - - - - - - - - - - - - - - 
  
ALL      HIGH   1ST HIGH VALUE IS      17.89302  ON 16012516: AT (  500020.00,  8341827.00,   500.00,   500.00,    1.50)  DC          
         HIGH   2ND HIGH VALUE IS      17.61048  ON 16012716: AT (  500020.00,  8341827.00,   500.00,   500.00,    1.50)  DC          
         HIGH   3RD HIGH VALUE IS      15.98213  ON 16012816: AT (  500020.00,  8341827.00,   500.00,   500.00,    1.50)  DC          


 *** RECEPTOR TYPES:  GC = GRIDCART
                      GP = GRIDPOLR
                      DC = DISCCART
                      DP = DISCPOLR
 *** AERMOD - VERSION  19191 ***   *** DISPERSIÓN - CO                                                     ***        04/30/20
 *** AERMET - VERSION  19191 ***   *** EJECUTADO POR N. USCUCHAGUA                                          ***        22:39:42
                                                                                                                       PAGE  17
 *** MODELOPTs:    NonDFAULT  CONC  FLAT  FLGPOL  RURAL  ADJ_U*  MMIF_Data

 *** Message Summary : AERMOD Model Execution ***

  --------- Summary of Total Messages --------
  
 A Total of            0 Fatal Error Message(s)
 A Total of            4 Warning Message(s)
 A Total of            0 Informational Message(s)

 A Total of          744 Hours Were Processed

 A Total of            0 Calm Hours Identified

 A Total of            0 Missing Hours Identified (  0.00 Percent)
  
  
    ******** FATAL ERROR MESSAGES ******** 
               ***  NONE  ***         
  
  
    ********   WARNING MESSAGES   ******** 
 ME W187      76       MEOPEN: ADJ_U* Option for Stable Low Winds used in AERMET              
 ME W182      76       MEOPEN: MMIF-generated meteorological inputs were used                 
 ME W181      76       MEOPEN: BULKRN Delta-T & SolarRad option for SBL was used     with MMIF
 MX W394       1       METEXT: Met data may be from outdated version of AERMET:     No NAD/ADJ

    ************************************
    *** AERMOD Finishes Successfully ***
    ************************************

